This file contains any messages produced by compilers while
running configure, to aid debugging if configure makes a mistake.

It was created by iptables configure 1.4.4, which was
generated by GNU Autoconf 2.68.  Invocation command line was

  $ ./configure --host=mips-linux --with-ksource=/data/xiaoning/RealTek/HN120/linux-3.10 --enable-static --disable-shared CFLAGS=-Os host_alias=mips-linux CC=msdk-linux-gcc --no-create --no-recursion

## --------- ##
## Platform. ##
## --------- ##

hostname = ubuntu
uname -m = x86_64
uname -r = 4.7.0
uname -s = Linux
uname -v = #1 SMP Mon Jul 25 15:29:22 CST 2016

/usr/bin/uname -p = unknown
/bin/uname -X     = unknown

/bin/arch              = unknown
/usr/bin/arch -k       = unknown
/usr/convex/getsysinfo = unknown
/usr/bin/hostinfo      = unknown
/bin/machine           = unknown
/usr/bin/oslevel       = unknown
/bin/universe          = unknown

PATH: /data/xiaoning/RealTek/HN120/toolchain/msdk-4.4.7-mips-EL-3.10-u0.9.33-m32t-140827/bin
PATH: /usr/local/sbin
PATH: /usr/local/bin
PATH: /usr/sbin
PATH: /usr/bin
PATH: /sbin
PATH: /bin
PATH: /usr/games


## ----------- ##
## Core tests. ##
## ----------- ##

configure:2394: checking for a BSD-compatible install
configure:2462: result: /usr/bin/install -c
configure:2474: checking whether build environment is sane
configure:2511: result: yes
configure:2573: checking for gawk
configure:2589: found /usr/bin/gawk
configure:2600: result: gawk
configure:2611: checking whether make sets $(MAKE)
configure:2633: result: yes
configure:2707: checking for mips-linux-strip
configure:2734: result: msdk-linux-strip
configure:2819: checking for mips-linux-gcc
configure:2846: result: msdk-linux-gcc
configure:3115: checking for C compiler version
configure:3124: msdk-linux-gcc --version >&5
mips-linux-xgcc (Realtek MSDK-4.4.7 Build 2001) 4.4.7
Copyright (C) 2010 Free Software Foundation, Inc.
This is free software; see the source for copying conditions.  There is NO
warranty; not even for MERCHANTABILITY or FITNESS FOR A PARTICULAR PURPOSE.

configure:3135: $? = 0
configure:3124: msdk-linux-gcc -v >&5
Using built-in specs.
Target: mips-linux-uclibc
Configured with: SDK Builder release 4.4
Thread model: posix
gcc version 4.4.7 (Realtek MSDK-4.4.7 Build 2001) 
configure:3135: $? = 0
configure:3124: msdk-linux-gcc -V >&5
mips-linux-xgcc: '-V' must come at the start of the command line
configure:3135: $? = 1
configure:3124: msdk-linux-gcc -qversion >&5
mips-linux-xgcc: unrecognized option '-qversion'
mips-linux-xgcc: no input files
configure:3135: $? = 1
configure:3155: checking whether the C compiler works
configure:3177: msdk-linux-gcc -Os   conftest.c  >&5
configure:3181: $? = 0
configure:3229: result: yes
configure:3232: checking for C compiler default output file name
configure:3234: result: a.out
configure:3240: checking for suffix of executables
configure:3247: msdk-linux-gcc -o conftest -Os   conftest.c  >&5
configure:3251: $? = 0
configure:3273: result: 
configure:3295: checking whether we are cross compiling
configure:3303: msdk-linux-gcc -o conftest -Os   conftest.c  >&5
configure:3307: $? = 0
configure:3314: ./conftest
./configure: line 3316: ./conftest: cannot execute binary file
configure:3318: $? = 126
configure:3333: result: yes
configure:3338: checking for suffix of object files
configure:3360: msdk-linux-gcc -c -Os  conftest.c >&5
configure:3364: $? = 0
configure:3385: result: o
configure:3389: checking whether we are using the GNU C compiler
configure:3408: msdk-linux-gcc -c -Os  conftest.c >&5
configure:3408: $? = 0
configure:3417: result: yes
configure:3426: checking whether msdk-linux-gcc accepts -g
configure:3446: msdk-linux-gcc -c -g  conftest.c >&5
configure:3446: $? = 0
configure:3487: result: yes
configure:3504: checking for msdk-linux-gcc option to accept ISO C89
configure:3568: msdk-linux-gcc  -c -Os  conftest.c >&5
configure:3568: $? = 0
configure:3581: result: none needed
configure:3612: checking for style of include used by make
configure:3640: result: GNU
configure:3668: checking dependency style of msdk-linux-gcc
configure:3758: result: gcc3
configure:3776: checking whether msdk-linux-gcc and cc understand -c and -o together
configure:3807: msdk-linux-gcc -c conftest.c -o conftest2.o >&5
configure:3811: $? = 0
configure:3817: msdk-linux-gcc -c conftest.c -o conftest2.o >&5
configure:3821: $? = 0
configure:3832: cc -c conftest.c >&5
configure:3836: $? = 0
configure:3844: cc -c conftest.c -o conftest2.o >&5
configure:3848: $? = 0
configure:3854: cc -c conftest.c -o conftest2.o >&5
configure:3858: $? = 0
configure:3876: result: yes
configure:3959: checking build system type
configure:3973: result: x86_64-unknown-linux-gnu
configure:3993: checking host system type
configure:4006: result: mips-unknown-linux-gnu
configure:4026: checking for a sed that does not truncate output
configure:4090: result: /bin/sed
configure:4108: checking for grep that handles long lines and -e
configure:4166: result: /bin/grep
configure:4171: checking for egrep
configure:4233: result: /bin/grep -E
configure:4238: checking for fgrep
configure:4300: result: /bin/grep -F
configure:4335: checking for ld used by msdk-linux-gcc
configure:4402: result: msdk-linux-gcc
configure:4409: checking if the linker (msdk-linux-gcc) is GNU ld
configure:4424: result: no
configure:4436: checking for BSD- or MS-compatible name lister (nm)
configure:4485: result: /data/xiaoning/RealTek/HN120/toolchain/msdk-4.4.7-mips-EL-3.10-u0.9.33-m32t-140827/bin/mips-linux-nm -B
configure:4603: checking the name lister (/data/xiaoning/RealTek/HN120/toolchain/msdk-4.4.7-mips-EL-3.10-u0.9.33-m32t-140827/bin/mips-linux-nm -B) interface
configure:4610: msdk-linux-gcc -c -Os  conftest.c >&5
configure:4613: /data/xiaoning/RealTek/HN120/toolchain/msdk-4.4.7-mips-EL-3.10-u0.9.33-m32t-140827/bin/mips-linux-nm -B "conftest.o"
configure:4616: output
00000000 B some_variable
configure:4623: result: BSD nm
configure:4626: checking whether ln -s works
configure:4630: result: yes
configure:4638: checking the maximum length of command line arguments
configure:4758: result: 3458764513820540925
configure:4775: checking whether the shell understands some XSI constructs
configure:4785: result: yes
configure:4789: checking whether the shell understands "+="
configure:4795: result: yes
configure:4830: checking for msdk-linux-gcc option to reload object files
configure:4837: result: -r
configure:4866: checking for mips-linux-objdump
configure:4882: found /data/xiaoning/RealTek/HN120/toolchain/msdk-4.4.7-mips-EL-3.10-u0.9.33-m32t-140827/bin/mips-linux-objdump
configure:4893: result: mips-linux-objdump
configure:4965: checking how to recognize dependent libraries
configure:5161: result: pass_all
configure:5181: checking for mips-linux-ar
configure:5208: result: msdk-linux-ar
configure:5286: checking for mips-linux-strip
configure:5313: result: msdk-linux-strip
configure:5385: checking for mips-linux-ranlib
configure:5412: result: msdk-linux-ranlib
configure:5542: checking command to parse /data/xiaoning/RealTek/HN120/toolchain/msdk-4.4.7-mips-EL-3.10-u0.9.33-m32t-140827/bin/mips-linux-nm -B output from msdk-linux-gcc object
configure:5660: msdk-linux-gcc -c -Os  conftest.c >&5
configure:5663: $? = 0
configure:5667: /data/xiaoning/RealTek/HN120/toolchain/msdk-4.4.7-mips-EL-3.10-u0.9.33-m32t-140827/bin/mips-linux-nm -B conftest.o \| sed -n -e 's/^.*[	 ]\([ABCDGIRSTW][ABCDGIRSTW]*\)[	 ][	 ]*\([_A-Za-z][_A-Za-z0-9]*\)$/\1 \2 \2/p' \> conftest.nm
configure:5670: $? = 0
configure:5724: msdk-linux-gcc -o conftest -Os   conftest.c conftstm.o >&5
configure:5727: $? = 0
configure:5765: result: ok
configure:6574: checking how to run the C preprocessor
configure:6605: msdk-linux-gcc -E  conftest.c
configure:6605: $? = 0
configure:6619: msdk-linux-gcc -E  conftest.c
conftest.c:11:28: error: ac_nonexistent.h: No such file or directory
configure:6619: $? = 1
configure: failed program was:
| /* confdefs.h */
| #define PACKAGE_NAME "iptables"
| #define PACKAGE_TARNAME "iptables"
| #define PACKAGE_VERSION "1.4.4"
| #define PACKAGE_STRING "iptables 1.4.4"
| #define PACKAGE_BUGREPORT ""
| #define PACKAGE_URL ""
| #define PACKAGE "iptables"
| #define VERSION "1.4.4"
| /* end confdefs.h.  */
| #include <ac_nonexistent.h>
configure:6644: result: msdk-linux-gcc -E
configure:6664: msdk-linux-gcc -E  conftest.c
configure:6664: $? = 0
configure:6678: msdk-linux-gcc -E  conftest.c
conftest.c:11:28: error: ac_nonexistent.h: No such file or directory
configure:6678: $? = 1
configure: failed program was:
| /* confdefs.h */
| #define PACKAGE_NAME "iptables"
| #define PACKAGE_TARNAME "iptables"
| #define PACKAGE_VERSION "1.4.4"
| #define PACKAGE_STRING "iptables 1.4.4"
| #define PACKAGE_BUGREPORT ""
| #define PACKAGE_URL ""
| #define PACKAGE "iptables"
| #define VERSION "1.4.4"
| /* end confdefs.h.  */
| #include <ac_nonexistent.h>
configure:6707: checking for ANSI C header files
configure:6727: msdk-linux-gcc -c -Os  conftest.c >&5
configure:6727: $? = 0
configure:6811: result: yes
configure:6824: checking for sys/types.h
configure:6824: msdk-linux-gcc -c -Os  conftest.c >&5
configure:6824: $? = 0
configure:6824: result: yes
configure:6824: checking for sys/stat.h
configure:6824: msdk-linux-gcc -c -Os  conftest.c >&5
configure:6824: $? = 0
configure:6824: result: yes
configure:6824: checking for stdlib.h
configure:6824: msdk-linux-gcc -c -Os  conftest.c >&5
configure:6824: $? = 0
configure:6824: result: yes
configure:6824: checking for string.h
configure:6824: msdk-linux-gcc -c -Os  conftest.c >&5
configure:6824: $? = 0
configure:6824: result: yes
configure:6824: checking for memory.h
configure:6824: msdk-linux-gcc -c -Os  conftest.c >&5
configure:6824: $? = 0
configure:6824: result: yes
configure:6824: checking for strings.h
configure:6824: msdk-linux-gcc -c -Os  conftest.c >&5
configure:6824: $? = 0
configure:6824: result: yes
configure:6824: checking for inttypes.h
configure:6824: msdk-linux-gcc -c -Os  conftest.c >&5
configure:6824: $? = 0
configure:6824: result: yes
configure:6824: checking for stdint.h
configure:6824: msdk-linux-gcc -c -Os  conftest.c >&5
configure:6824: $? = 0
configure:6824: result: yes
configure:6824: checking for unistd.h
configure:6824: msdk-linux-gcc -c -Os  conftest.c >&5
configure:6824: $? = 0
configure:6824: result: yes
configure:6838: checking for dlfcn.h
configure:6838: msdk-linux-gcc -c -Os  conftest.c >&5
configure:6838: $? = 0
configure:6838: result: yes
configure:6992: checking for objdir
configure:7007: result: .libs
configure:7303: checking if msdk-linux-gcc supports -fno-rtti -fno-exceptions
configure:7321: msdk-linux-gcc -c -Os  -fno-rtti -fno-exceptions conftest.c >&5
cc1: warning: command line option "-fno-rtti" is valid for C++/ObjC++ but not for C
configure:7325: $? = 0
configure:7338: result: no
configure:7358: checking for msdk-linux-gcc option to produce PIC
configure:7630: result: -fPIC -DPIC
configure:7642: checking if msdk-linux-gcc PIC flag -fPIC -DPIC works
configure:7660: msdk-linux-gcc -c -Os  -fPIC -DPIC -DPIC conftest.c >&5
configure:7664: $? = 0
configure:7677: result: yes
configure:7701: checking if msdk-linux-gcc static flag -static works
configure:7729: result: yes
configure:7744: checking if msdk-linux-gcc supports -c -o file.o
configure:7765: msdk-linux-gcc -c -Os  -o out/conftest2.o conftest.c >&5
configure:7769: $? = 0
configure:7791: result: yes
configure:7799: checking if msdk-linux-gcc supports -c -o file.o
configure:7846: result: yes
configure:7879: checking whether the msdk-linux-gcc linker (msdk-linux-gcc) supports shared libraries
configure:8869: result: no
configure:9108: checking dynamic linker characteristics
configure:9541: msdk-linux-gcc -o conftest -Os    conftest.c  >&5
configure:9541: $? = 0
configure:9771: result: GNU/Linux ld.so
configure:9873: checking how to hardcode library paths into programs
configure:9898: result: unsupported
configure:10418: checking whether stripping libraries is possible
configure:10423: result: yes
configure:10458: checking if libtool supports shared libraries
configure:10460: result: no
configure:10463: checking whether to build shared libraries
configure:10484: result: no
configure:10487: checking whether to build static libraries
configure:10491: result: yes
configure:10588: checking linux/dccp.h usability
configure:10588: msdk-linux-gcc -c -Os  conftest.c >&5
configure:10588: $? = 0
configure:10588: result: yes
configure:10588: checking linux/dccp.h presence
configure:10588: msdk-linux-gcc -E  conftest.c
configure:10588: $? = 0
configure:10588: result: yes
configure:10588: checking for linux/dccp.h
configure:10588: result: yes
configure:10834: creating ./config.status

## ---------------- ##
## Cache variables. ##
## ---------------- ##

ac_cv_build=x86_64-unknown-linux-gnu
ac_cv_c_compiler_gnu=yes
ac_cv_env_CC_set=set
ac_cv_env_CC_value=msdk-linux-gcc
ac_cv_env_CFLAGS_set=set
ac_cv_env_CFLAGS_value=-Os
ac_cv_env_CPPFLAGS_set=
ac_cv_env_CPPFLAGS_value=
ac_cv_env_CPP_set=
ac_cv_env_CPP_value=
ac_cv_env_LDFLAGS_set=
ac_cv_env_LDFLAGS_value=
ac_cv_env_LIBS_set=
ac_cv_env_LIBS_value=
ac_cv_env_build_alias_set=
ac_cv_env_build_alias_value=
ac_cv_env_host_alias_set=set
ac_cv_env_host_alias_value=mips-linux
ac_cv_env_target_alias_set=
ac_cv_env_target_alias_value=
ac_cv_header_dlfcn_h=yes
ac_cv_header_inttypes_h=yes
ac_cv_header_linux_dccp_h=yes
ac_cv_header_memory_h=yes
ac_cv_header_stdc=yes
ac_cv_header_stdint_h=yes
ac_cv_header_stdlib_h=yes
ac_cv_header_string_h=yes
ac_cv_header_strings_h=yes
ac_cv_header_sys_stat_h=yes
ac_cv_header_sys_types_h=yes
ac_cv_header_unistd_h=yes
ac_cv_host=mips-unknown-linux-gnu
ac_cv_objext=o
ac_cv_path_EGREP='/bin/grep -E'
ac_cv_path_FGREP='/bin/grep -F'
ac_cv_path_GREP=/bin/grep
ac_cv_path_SED=/bin/sed
ac_cv_path_install='/usr/bin/install -c'
ac_cv_prog_AR=msdk-linux-ar
ac_cv_prog_AWK=gawk
ac_cv_prog_CC=msdk-linux-gcc
ac_cv_prog_CPP='msdk-linux-gcc -E'
ac_cv_prog_OBJDUMP=mips-linux-objdump
ac_cv_prog_RANLIB=msdk-linux-ranlib
ac_cv_prog_STRIP=msdk-linux-strip
ac_cv_prog_cc_c89=
ac_cv_prog_cc_g=yes
ac_cv_prog_cc_msdk_linux_gcc_c_o=yes
ac_cv_prog_make_make_set=yes
am_cv_CC_dependencies_compiler_type=gcc3
lt_cv_deplibs_check_method=pass_all
lt_cv_file_magic_cmd='$MAGIC_CMD'
lt_cv_file_magic_test_file=
lt_cv_ld_reload_flag=-r
lt_cv_nm_interface='BSD nm'
lt_cv_objdir=.libs
lt_cv_path_LD=msdk-linux-gcc
lt_cv_path_NM='/data/xiaoning/RealTek/HN120/toolchain/msdk-4.4.7-mips-EL-3.10-u0.9.33-m32t-140827/bin/mips-linux-nm -B'
lt_cv_prog_compiler_c_o=yes
lt_cv_prog_compiler_pic_works=yes
lt_cv_prog_compiler_rtti_exceptions=no
lt_cv_prog_compiler_static_works=yes
lt_cv_prog_gnu_ld=no
lt_cv_sys_global_symbol_pipe='sed -n -e '\''s/^.*[	 ]\([ABCDGIRSTW][ABCDGIRSTW]*\)[	 ][	 ]*\([_A-Za-z][_A-Za-z0-9]*\)$/\1 \2 \2/p'\'''
lt_cv_sys_global_symbol_to_c_name_address='sed -n -e '\''s/^: \([^ ]*\) $/  {\"\1\", (void *) 0},/p'\'' -e '\''s/^[ABCDGIRSTW]* \([^ ]*\) \([^ ]*\)$/  {"\2", (void *) \&\2},/p'\'''
lt_cv_sys_global_symbol_to_c_name_address_lib_prefix='sed -n -e '\''s/^: \([^ ]*\) $/  {\"\1\", (void *) 0},/p'\'' -e '\''s/^[ABCDGIRSTW]* \([^ ]*\) \(lib[^ ]*\)$/  {"\2", (void *) \&\2},/p'\'' -e '\''s/^[ABCDGIRSTW]* \([^ ]*\) \([^ ]*\)$/  {"lib\2", (void *) \&\2},/p'\'''
lt_cv_sys_global_symbol_to_cdecl='sed -n -e '\''s/^T .* \(.*\)$/extern int \1();/p'\'' -e '\''s/^[ABCDGIRSTW]* .* \(.*\)$/extern char \1;/p'\'''
lt_cv_sys_max_cmd_len=3458764513820540925

## ----------------- ##
## Output variables. ##
## ----------------- ##

ACLOCAL='${SHELL} /data/xiaoning/RealTek/HN120/users/iptables-1.4.4/missing --run aclocal-1.9'
AMDEPBACKSLASH='\'
AMDEP_FALSE='#'
AMDEP_TRUE=''
AMTAR='${SHELL} /data/xiaoning/RealTek/HN120/users/iptables-1.4.4/missing --run tar'
AR='msdk-linux-ar'
AUTOCONF='${SHELL} /data/xiaoning/RealTek/HN120/users/iptables-1.4.4/missing --run autoconf'
AUTOHEADER='${SHELL} /data/xiaoning/RealTek/HN120/users/iptables-1.4.4/missing --run autoheader'
AUTOMAKE='${SHELL} /data/xiaoning/RealTek/HN120/users/iptables-1.4.4/missing --run automake-1.9'
AWK='gawk'
CC='msdk-linux-gcc'
CCDEPMODE='depmode=gcc3'
CFLAGS='-Os'
CPP='msdk-linux-gcc -E'
CPPFLAGS=''
CYGPATH_W='echo'
DEFS='-DHAVE_CONFIG_H'
DEPDIR='.deps'
DSYMUTIL=''
DUMPBIN=''
ECHO_C=''
ECHO_N='-n'
ECHO_T=''
EGREP='/bin/grep -E'
ENABLE_DEVEL_FALSE='#'
ENABLE_DEVEL_TRUE=''
ENABLE_IPV4_FALSE='#'
ENABLE_IPV4_TRUE=''
ENABLE_IPV6_FALSE='#'
ENABLE_IPV6_TRUE=''
ENABLE_LIBIPQ_FALSE=''
ENABLE_LIBIPQ_TRUE='#'
ENABLE_SHARED_FALSE=''
ENABLE_SHARED_TRUE='#'
ENABLE_STATIC_FALSE='#'
ENABLE_STATIC_TRUE=''
EXEEXT=''
FGREP='/bin/grep -F'
GREP='/bin/grep'
INSTALL_DATA='${INSTALL} -m 644'
INSTALL_PROGRAM='${INSTALL}'
INSTALL_SCRIPT='${INSTALL}'
INSTALL_STRIP_PROGRAM='${SHELL} $(install_sh) -c -s'
LD='msdk-linux-gcc'
LDFLAGS=''
LIBOBJS=''
LIBS=''
LIBTOOL='$(SHELL) $(top_builddir)/libtool'
LIPO=''
LN_S='ln -s'
LTLIBOBJS=''
MAKEINFO='${SHELL} /data/xiaoning/RealTek/HN120/users/iptables-1.4.4/missing --run makeinfo'
NM='/data/xiaoning/RealTek/HN120/toolchain/msdk-4.4.7-mips-EL-3.10-u0.9.33-m32t-140827/bin/mips-linux-nm -B'
NMEDIT=''
OBJDUMP='mips-linux-objdump'
OBJEXT='o'
OTOOL64=''
OTOOL=''
PACKAGE='iptables'
PACKAGE_BUGREPORT=''
PACKAGE_NAME='iptables'
PACKAGE_STRING='iptables 1.4.4'
PACKAGE_TARNAME='iptables'
PACKAGE_URL=''
PACKAGE_VERSION='1.4.4'
PATH_SEPARATOR=':'
RANLIB='msdk-linux-ranlib'
SED='/bin/sed'
SET_MAKE=''
SHELL='/bin/sh'
STRIP='msdk-linux-strip'
VERSION='1.4.4'
ac_ct_CC=''
ac_ct_DUMPBIN=''
am__fastdepCC_FALSE='#'
am__fastdepCC_TRUE=''
am__include='include'
am__leading_dot='.'
am__quote=''
am__tar='${AMTAR} chof - "$$tardir"'
am__untar='${AMTAR} xf -'
bindir='${exec_prefix}/bin'
blacklist_modules=''
build='x86_64-unknown-linux-gnu'
build_alias=''
build_cpu='x86_64'
build_os='linux-gnu'
build_vendor='unknown'
datadir='${datarootdir}'
datarootdir='${prefix}/share'
docdir='${datarootdir}/doc/${PACKAGE_TARNAME}'
dvidir='${docdir}'
exec_prefix='${prefix}'
host='mips-unknown-linux-gnu'
host_alias='mips-linux'
host_cpu='mips'
host_os='linux-gnu'
host_vendor='unknown'
htmldir='${docdir}'
includedir='${prefix}/include'
infodir='${datarootdir}/info'
install_sh='/data/xiaoning/RealTek/HN120/users/iptables-1.4.4/install-sh'
kbuilddir=''
kinclude_CFLAGS=' -I /data/xiaoning/RealTek/HN120/linux-3.10/include'
ksourcedir='/data/xiaoning/RealTek/HN120/linux-3.10'
libdir='${exec_prefix}/lib'
libexecdir='${exec_prefix}/libexec'
libxtables_vage='0'
libxtables_vcurrent='2'
libxtables_vmajor='2'
localedir='${datarootdir}/locale'
localstatedir='${prefix}/var'
lt_ECHO='echo'
mandir='${datarootdir}/man'
mkdir_p='mkdir -p --'
oldincludedir='/usr/include'
pdfdir='${docdir}'
pkgconfigdir='${libdir}/pkgconfig'
prefix='/usr/local'
program_transform_name='s,x,x,'
psdir='${docdir}'
regular_CFLAGS='-D_LARGEFILE_SOURCE=1 -D_LARGE_FILES -D_FILE_OFFSET_BITS=64 	-D_REENTRANT -Wall -Waggregate-return -Wmissing-declarations 	-Wmissing-prototypes -Wredundant-decls -Wshadow -Wstrict-prototypes 	-Winline -pipe 	-DXTABLES_LIBDIR=\"${xtlibdir}\" -DXTABLES_INTERNAL'
sbindir='${exec_prefix}/sbin'
sharedstatedir='${prefix}/com'
sysconfdir='${prefix}/etc'
target_alias=''
xtlibdir='${exec_prefix}/libexec/xtables'

## ----------- ##
## confdefs.h. ##
## ----------- ##

/* confdefs.h */
#define PACKAGE_NAME "iptables"
#define PACKAGE_TARNAME "iptables"
#define PACKAGE_VERSION "1.4.4"
#define PACKAGE_STRING "iptables 1.4.4"
#define PACKAGE_BUGREPORT ""
#define PACKAGE_URL ""
#define PACKAGE "iptables"
#define VERSION "1.4.4"
#define STDC_HEADERS 1
#define HAVE_SYS_TYPES_H 1
#define HAVE_SYS_STAT_H 1
#define HAVE_STDLIB_H 1
#define HAVE_STRING_H 1
#define HAVE_MEMORY_H 1
#define HAVE_STRINGS_H 1
#define HAVE_INTTYPES_H 1
#define HAVE_STDINT_H 1
#define HAVE_UNISTD_H 1
#define HAVE_DLFCN_H 1
#define LT_OBJDIR ".libs/"

configure: exit 0

## ---------------------- ##
## Running config.status. ##
## ---------------------- ##

This file was extended by iptables config.status 1.4.4, which was
generated by GNU Autoconf 2.68.  Invocation command line was

  CONFIG_FILES    = 
  CONFIG_HEADERS  = 
  CONFIG_LINKS    = 
  CONFIG_COMMANDS = 
  $ ./config.status 

on ubuntu

config.status:1093: creating Makefile
config.status:1093: creating extensions/GNUmakefile
config.status:1093: creating include/Makefile
config.status:1093: creating libipq/Makefile
config.status:1093: creating include/xtables.h
config.status:1093: creating include/iptables/internal.h
config.status:1093: creating libiptc.pc
config.status:1093: creating xtables.pc
config.status:1093: creating config.h
config.status:1268: config.h is unchanged
config.status:1315: executing depfiles commands
config.status:1315: executing libtool commands

## ---------------------- ##
## Running config.status. ##
## ---------------------- ##

This file was extended by iptables config.status 1.4.4, which was
generated by GNU Autoconf 2.68.  Invocation command line was

  CONFIG_FILES    = 
  CONFIG_HEADERS  = 
  CONFIG_LINKS    = 
  CONFIG_COMMANDS = 
  $ ./config.status config.h

on ubuntu

config.status:1093: creating config.h
config.status:1268: config.h is unchanged
