This file contains any messages produced by compilers while
running configure, to aid debugging if configure makes a mistake.

It was created by libcoap configure 4.1.2, which was
generated by GNU Autoconf 2.68.  Invocation command line was

  $ ./configure --host=mips-linux --disable-examples --disable-shared CC=msdk-linux-gcc

## --------- ##
## Platform. ##
## --------- ##

hostname = ubuntu
uname -m = x86_64
uname -r = 4.7.0
uname -s = Linux
uname -v = #1 SMP Mon Jul 25 15:29:22 CST 2016

/usr/bin/uname -p = unknown
/bin/uname -X     = unknown

/bin/arch              = unknown
/usr/bin/arch -k       = unknown
/usr/convex/getsysinfo = unknown
/usr/bin/hostinfo      = unknown
/bin/machine           = unknown
/usr/bin/oslevel       = unknown
/bin/universe          = unknown

PATH: /data/xiaoning/RealTek/HN120/toolchain/msdk-4.4.7-mips-EL-3.10-u0.9.33-m32t-140827/bin
PATH: /opt/arc-4.8-amlogic-20130904-r2/bin
PATH: /opt/gnutools/arc2.3-p2/uclibc-4.2.1/bin
PATH: /opt/gnutools/arc2.3-p2/elf32-4.2.1/bin
PATH: /opt/arm-2010q1/bin
PATH: /opt/gcc-linaro-arm-linux-gnueabihf/bin
PATH: /usr/lib/jvm/jdk1.6.0_45/bin
PATH: /usr/local/sbin
PATH: /usr/local/bin
PATH: /usr/sbin
PATH: /usr/bin
PATH: /sbin
PATH: /bin


## ----------- ##
## Core tests. ##
## ----------- ##

configure:2390: checking for a BSD-compatible install
configure:2458: result: /usr/bin/install -c
configure:2469: checking whether build environment is sane
configure:2524: result: yes
configure:2583: checking for mips-linux-strip
configure:2610: result: msdk-linux-strip
configure:2675: checking for a thread-safe mkdir -p
configure:2714: result: /bin/mkdir -p
configure:2721: checking for gawk
configure:2737: found /usr/bin/gawk
configure:2748: result: gawk
configure:2759: checking whether make sets $(MAKE)
configure:2781: result: yes
configure:2810: checking whether make supports nested variables
configure:2827: result: yes
configure:2908: checking for mips-linux-pkg-config
configure:2941: result: no
configure:2951: checking for pkg-config
configure:2969: found /usr/local/bin/pkg-config
configure:2981: result: /usr/local/bin/pkg-config
configure:3006: checking pkg-config is at least version 0.20
configure:3009: result: yes
configure:3033: checking for mips-linux-gcc
configure:3060: result: msdk-linux-gcc
configure:3329: checking for C compiler version
configure:3338: msdk-linux-gcc --version >&5
mips-linux-xgcc (Realtek MSDK-4.4.7 Build 2001) 4.4.7
Copyright (C) 2010 Free Software Foundation, Inc.
This is free software; see the source for copying conditions.  There is NO
warranty; not even for MERCHANTABILITY or FITNESS FOR A PARTICULAR PURPOSE.

configure:3349: $? = 0
configure:3338: msdk-linux-gcc -v >&5
Using built-in specs.
Target: mips-linux-uclibc
Configured with: SDK Builder release 4.4
Thread model: posix
gcc version 4.4.7 (Realtek MSDK-4.4.7 Build 2001) 
configure:3349: $? = 0
configure:3338: msdk-linux-gcc -V >&5
mips-linux-xgcc: '-V' must come at the start of the command line
configure:3349: $? = 1
configure:3338: msdk-linux-gcc -qversion >&5
mips-linux-xgcc: unrecognized option '-qversion'
mips-linux-xgcc: no input files
configure:3349: $? = 1
configure:3369: checking whether the C compiler works
configure:3391: msdk-linux-gcc -DCONFIG_APP_RTK_ADAPTER -I/data/xiaoning/RealTek/HN120/target/tmpfs/include -DCONFIG_APP_RTK_ADAPTER -I/data/xiaoning/RealTek/HN120/target/tmpfs/include   conftest.c  >&5
configure:3395: $? = 0
configure:3443: result: yes
configure:3446: checking for C compiler default output file name
configure:3448: result: a.out
configure:3454: checking for suffix of executables
configure:3461: msdk-linux-gcc -o conftest -DCONFIG_APP_RTK_ADAPTER -I/data/xiaoning/RealTek/HN120/target/tmpfs/include -DCONFIG_APP_RTK_ADAPTER -I/data/xiaoning/RealTek/HN120/target/tmpfs/include   conftest.c  >&5
configure:3465: $? = 0
configure:3487: result: 
configure:3509: checking whether we are cross compiling
configure:3517: msdk-linux-gcc -o conftest -DCONFIG_APP_RTK_ADAPTER -I/data/xiaoning/RealTek/HN120/target/tmpfs/include -DCONFIG_APP_RTK_ADAPTER -I/data/xiaoning/RealTek/HN120/target/tmpfs/include   conftest.c  >&5
configure:3521: $? = 0
configure:3528: ./conftest
./configure: line 3530: ./conftest: cannot execute binary file
configure:3532: $? = 126
configure:3547: result: yes
configure:3552: checking for suffix of object files
configure:3574: msdk-linux-gcc -c -DCONFIG_APP_RTK_ADAPTER -I/data/xiaoning/RealTek/HN120/target/tmpfs/include -DCONFIG_APP_RTK_ADAPTER -I/data/xiaoning/RealTek/HN120/target/tmpfs/include  conftest.c >&5
configure:3578: $? = 0
configure:3599: result: o
configure:3603: checking whether we are using the GNU C compiler
configure:3622: msdk-linux-gcc -c -DCONFIG_APP_RTK_ADAPTER -I/data/xiaoning/RealTek/HN120/target/tmpfs/include -DCONFIG_APP_RTK_ADAPTER -I/data/xiaoning/RealTek/HN120/target/tmpfs/include  conftest.c >&5
configure:3622: $? = 0
configure:3631: result: yes
configure:3640: checking whether msdk-linux-gcc accepts -g
configure:3660: msdk-linux-gcc -c -g  conftest.c >&5
configure:3660: $? = 0
configure:3701: result: yes
configure:3718: checking for msdk-linux-gcc option to accept ISO C89
configure:3782: msdk-linux-gcc  -c -DCONFIG_APP_RTK_ADAPTER -I/data/xiaoning/RealTek/HN120/target/tmpfs/include -DCONFIG_APP_RTK_ADAPTER -I/data/xiaoning/RealTek/HN120/target/tmpfs/include  conftest.c >&5
configure:3782: $? = 0
configure:3795: result: none needed
configure:3826: checking for style of include used by make
configure:3854: result: GNU
configure:3880: checking dependency style of msdk-linux-gcc
configure:3991: result: gcc3
configure:4007: checking whether msdk-linux-gcc and cc understand -c and -o together
configure:4038: msdk-linux-gcc -c conftest.c -o conftest2.o >&5
configure:4042: $? = 0
configure:4048: msdk-linux-gcc -c conftest.c -o conftest2.o >&5
configure:4052: $? = 0
configure:4063: cc -c conftest.c >&5
configure:4067: $? = 0
configure:4075: cc -c conftest.c -o conftest2.o >&5
configure:4079: $? = 0
configure:4085: cc -c conftest.c -o conftest2.o >&5
configure:4089: $? = 0
configure:4107: result: yes
configure:4132: checking for a sed that does not truncate output
configure:4196: result: /bin/sed
configure:4209: checking for mips-linux-ar
configure:4236: result: msdk-linux-ar
configure:4306: checking the archiver (msdk-linux-ar) interface
configure:4316: msdk-linux-gcc -c -DCONFIG_APP_RTK_ADAPTER -I/data/xiaoning/RealTek/HN120/target/tmpfs/include -DCONFIG_APP_RTK_ADAPTER -I/data/xiaoning/RealTek/HN120/target/tmpfs/include  conftest.c >&5
configure:4316: $? = 0
configure:4318: msdk-linux-ar cru libconftest.a conftest.o >&5
configure:4321: $? = 0
configure:4344: result: ar
configure:4370: checking how to run the C preprocessor
configure:4401: msdk-linux-gcc -E  conftest.c
configure:4401: $? = 0
configure:4415: msdk-linux-gcc -E  conftest.c
conftest.c:9:28: error: ac_nonexistent.h: No such file or directory
configure:4415: $? = 1
configure: failed program was:
| /* confdefs.h */
| #define PACKAGE_NAME "libcoap"
| #define PACKAGE_TARNAME "libcoap"
| #define PACKAGE_VERSION "4.1.2"
| #define PACKAGE_STRING "libcoap 4.1.2"
| #define PACKAGE_BUGREPORT "libcoap-developers@lists.sourceforge.net"
| #define PACKAGE_URL "https://libcoap.net/"
| /* end confdefs.h.  */
| #include <ac_nonexistent.h>
configure:4440: result: msdk-linux-gcc -E
configure:4460: msdk-linux-gcc -E  conftest.c
configure:4460: $? = 0
configure:4474: msdk-linux-gcc -E  conftest.c
conftest.c:9:28: error: ac_nonexistent.h: No such file or directory
configure:4474: $? = 1
configure: failed program was:
| /* confdefs.h */
| #define PACKAGE_NAME "libcoap"
| #define PACKAGE_TARNAME "libcoap"
| #define PACKAGE_VERSION "4.1.2"
| #define PACKAGE_STRING "libcoap 4.1.2"
| #define PACKAGE_BUGREPORT "libcoap-developers@lists.sourceforge.net"
| #define PACKAGE_URL "https://libcoap.net/"
| /* end confdefs.h.  */
| #include <ac_nonexistent.h>
configure:4503: checking for grep that handles long lines and -e
configure:4561: result: /bin/grep
configure:4566: checking for egrep
configure:4628: result: /bin/grep -E
configure:4633: checking for ANSI C header files
configure:4653: msdk-linux-gcc -c -DCONFIG_APP_RTK_ADAPTER -I/data/xiaoning/RealTek/HN120/target/tmpfs/include -DCONFIG_APP_RTK_ADAPTER -I/data/xiaoning/RealTek/HN120/target/tmpfs/include  conftest.c >&5
configure:4653: $? = 0
configure:4737: result: yes
configure:4750: checking for sys/types.h
configure:4750: msdk-linux-gcc -c -DCONFIG_APP_RTK_ADAPTER -I/data/xiaoning/RealTek/HN120/target/tmpfs/include -DCONFIG_APP_RTK_ADAPTER -I/data/xiaoning/RealTek/HN120/target/tmpfs/include  conftest.c >&5
configure:4750: $? = 0
configure:4750: result: yes
configure:4750: checking for sys/stat.h
configure:4750: msdk-linux-gcc -c -DCONFIG_APP_RTK_ADAPTER -I/data/xiaoning/RealTek/HN120/target/tmpfs/include -DCONFIG_APP_RTK_ADAPTER -I/data/xiaoning/RealTek/HN120/target/tmpfs/include  conftest.c >&5
configure:4750: $? = 0
configure:4750: result: yes
configure:4750: checking for stdlib.h
configure:4750: msdk-linux-gcc -c -DCONFIG_APP_RTK_ADAPTER -I/data/xiaoning/RealTek/HN120/target/tmpfs/include -DCONFIG_APP_RTK_ADAPTER -I/data/xiaoning/RealTek/HN120/target/tmpfs/include  conftest.c >&5
configure:4750: $? = 0
configure:4750: result: yes
configure:4750: checking for string.h
configure:4750: msdk-linux-gcc -c -DCONFIG_APP_RTK_ADAPTER -I/data/xiaoning/RealTek/HN120/target/tmpfs/include -DCONFIG_APP_RTK_ADAPTER -I/data/xiaoning/RealTek/HN120/target/tmpfs/include  conftest.c >&5
configure:4750: $? = 0
configure:4750: result: yes
configure:4750: checking for memory.h
configure:4750: msdk-linux-gcc -c -DCONFIG_APP_RTK_ADAPTER -I/data/xiaoning/RealTek/HN120/target/tmpfs/include -DCONFIG_APP_RTK_ADAPTER -I/data/xiaoning/RealTek/HN120/target/tmpfs/include  conftest.c >&5
configure:4750: $? = 0
configure:4750: result: yes
configure:4750: checking for strings.h
configure:4750: msdk-linux-gcc -c -DCONFIG_APP_RTK_ADAPTER -I/data/xiaoning/RealTek/HN120/target/tmpfs/include -DCONFIG_APP_RTK_ADAPTER -I/data/xiaoning/RealTek/HN120/target/tmpfs/include  conftest.c >&5
configure:4750: $? = 0
configure:4750: result: yes
configure:4750: checking for inttypes.h
configure:4750: msdk-linux-gcc -c -DCONFIG_APP_RTK_ADAPTER -I/data/xiaoning/RealTek/HN120/target/tmpfs/include -DCONFIG_APP_RTK_ADAPTER -I/data/xiaoning/RealTek/HN120/target/tmpfs/include  conftest.c >&5
configure:4750: $? = 0
configure:4750: result: yes
configure:4750: checking for stdint.h
configure:4750: msdk-linux-gcc -c -DCONFIG_APP_RTK_ADAPTER -I/data/xiaoning/RealTek/HN120/target/tmpfs/include -DCONFIG_APP_RTK_ADAPTER -I/data/xiaoning/RealTek/HN120/target/tmpfs/include  conftest.c >&5
configure:4750: $? = 0
configure:4750: result: yes
configure:4750: checking for unistd.h
configure:4750: msdk-linux-gcc -c -DCONFIG_APP_RTK_ADAPTER -I/data/xiaoning/RealTek/HN120/target/tmpfs/include -DCONFIG_APP_RTK_ADAPTER -I/data/xiaoning/RealTek/HN120/target/tmpfs/include  conftest.c >&5
configure:4750: $? = 0
configure:4750: result: yes
configure:4762: checking whether byte ordering is bigendian
configure:4777: msdk-linux-gcc -c -DCONFIG_APP_RTK_ADAPTER -I/data/xiaoning/RealTek/HN120/target/tmpfs/include -DCONFIG_APP_RTK_ADAPTER -I/data/xiaoning/RealTek/HN120/target/tmpfs/include  conftest.c >&5
conftest.c:20: error: expected '=', ',', ';', 'asm' or '__attribute__' before 'a'
configure:4777: $? = 1
configure: failed program was:
| /* confdefs.h */
| #define PACKAGE_NAME "libcoap"
| #define PACKAGE_TARNAME "libcoap"
| #define PACKAGE_VERSION "4.1.2"
| #define PACKAGE_STRING "libcoap 4.1.2"
| #define PACKAGE_BUGREPORT "libcoap-developers@lists.sourceforge.net"
| #define PACKAGE_URL "https://libcoap.net/"
| #define STDC_HEADERS 1
| #define HAVE_SYS_TYPES_H 1
| #define HAVE_SYS_STAT_H 1
| #define HAVE_STDLIB_H 1
| #define HAVE_STRING_H 1
| #define HAVE_MEMORY_H 1
| #define HAVE_STRINGS_H 1
| #define HAVE_INTTYPES_H 1
| #define HAVE_STDINT_H 1
| #define HAVE_UNISTD_H 1
| /* end confdefs.h.  */
| #ifndef __APPLE_CC__
| 	       not a universal capable compiler
| 	     #endif
| 	     typedef int dummy;
| 
configure:4822: msdk-linux-gcc -c -DCONFIG_APP_RTK_ADAPTER -I/data/xiaoning/RealTek/HN120/target/tmpfs/include -DCONFIG_APP_RTK_ADAPTER -I/data/xiaoning/RealTek/HN120/target/tmpfs/include  conftest.c >&5
configure:4822: $? = 0
configure:4840: msdk-linux-gcc -c -DCONFIG_APP_RTK_ADAPTER -I/data/xiaoning/RealTek/HN120/target/tmpfs/include -DCONFIG_APP_RTK_ADAPTER -I/data/xiaoning/RealTek/HN120/target/tmpfs/include  conftest.c >&5
conftest.c: In function 'main':
conftest.c:26: error: 'not' undeclared (first use in this function)
conftest.c:26: error: (Each undeclared identifier is reported only once
conftest.c:26: error: for each function it appears in.)
conftest.c:26: error: expected ';' before 'big'
configure:4840: $? = 1
configure: failed program was:
| /* confdefs.h */
| #define PACKAGE_NAME "libcoap"
| #define PACKAGE_TARNAME "libcoap"
| #define PACKAGE_VERSION "4.1.2"
| #define PACKAGE_STRING "libcoap 4.1.2"
| #define PACKAGE_BUGREPORT "libcoap-developers@lists.sourceforge.net"
| #define PACKAGE_URL "https://libcoap.net/"
| #define STDC_HEADERS 1
| #define HAVE_SYS_TYPES_H 1
| #define HAVE_SYS_STAT_H 1
| #define HAVE_STDLIB_H 1
| #define HAVE_STRING_H 1
| #define HAVE_MEMORY_H 1
| #define HAVE_STRINGS_H 1
| #define HAVE_INTTYPES_H 1
| #define HAVE_STDINT_H 1
| #define HAVE_UNISTD_H 1
| /* end confdefs.h.  */
| #include <sys/types.h>
| 		#include <sys/param.h>
| 
| int
| main ()
| {
| #if BYTE_ORDER != BIG_ENDIAN
| 		 not big endian
| 		#endif
| 
|   ;
|   return 0;
| }
configure:4968: result: no
configure:5018: checking build system type
configure:5032: result: x86_64-unknown-linux-uclibc
configure:5052: checking host system type
configure:5065: result: mips-unknown-linux-gnu
configure:5106: checking how to print strings
configure:5133: result: printf
configure:5154: checking for a sed that does not truncate output
configure:5218: result: /bin/sed
configure:5236: checking for fgrep
configure:5298: result: /bin/grep -F
configure:5333: checking for ld used by msdk-linux-gcc
configure:5400: result: msdk-linux-gcc
configure:5407: checking if the linker (msdk-linux-gcc) is GNU ld
configure:5422: result: no
configure:5434: checking for BSD- or MS-compatible name lister (nm)
configure:5483: result: /data/xiaoning/RealTek/HN120/toolchain/msdk-4.4.7-mips-EL-3.10-u0.9.33-m32t-140827/bin/mips-linux-nm -B
configure:5613: checking the name lister (/data/xiaoning/RealTek/HN120/toolchain/msdk-4.4.7-mips-EL-3.10-u0.9.33-m32t-140827/bin/mips-linux-nm -B) interface
configure:5620: msdk-linux-gcc -c -DCONFIG_APP_RTK_ADAPTER -I/data/xiaoning/RealTek/HN120/target/tmpfs/include -DCONFIG_APP_RTK_ADAPTER -I/data/xiaoning/RealTek/HN120/target/tmpfs/include  conftest.c >&5
configure:5623: /data/xiaoning/RealTek/HN120/toolchain/msdk-4.4.7-mips-EL-3.10-u0.9.33-m32t-140827/bin/mips-linux-nm -B "conftest.o"
configure:5626: output
00000000 B some_variable
configure:5633: result: BSD nm
configure:5636: checking whether ln -s works
configure:5640: result: yes
configure:5648: checking the maximum length of command line arguments
configure:5778: result: 3458764513820540925
configure:5795: checking whether the shell understands some XSI constructs
configure:5805: result: yes
configure:5809: checking whether the shell understands "+="
configure:5815: result: yes
configure:5850: checking how to convert x86_64-unknown-linux-uclibc file names to mips-unknown-linux-gnu format
configure:5890: result: func_convert_file_noop
configure:5897: checking how to convert x86_64-unknown-linux-uclibc file names to toolchain format
configure:5917: result: func_convert_file_noop
configure:5924: checking for msdk-linux-gcc option to reload object files
configure:5931: result: -r
configure:5965: checking for mips-linux-objdump
configure:5981: found /data/xiaoning/RealTek/HN120/toolchain/msdk-4.4.7-mips-EL-3.10-u0.9.33-m32t-140827/bin/mips-linux-objdump
configure:5992: result: mips-linux-objdump
configure:6064: checking how to recognize dependent libraries
configure:6266: result: pass_all
configure:6311: checking for mips-linux-dlltool
configure:6341: result: no
configure:6351: checking for dlltool
configure:6381: result: no
configure:6411: checking how to associate runtime and link libraries
configure:6438: result: printf %s\n
configure:6454: checking for mips-linux-ar
configure:6481: result: msdk-linux-ar
configure:6562: checking for archiver @FILE support
configure:6579: msdk-linux-gcc -c -DCONFIG_APP_RTK_ADAPTER -I/data/xiaoning/RealTek/HN120/target/tmpfs/include -DCONFIG_APP_RTK_ADAPTER -I/data/xiaoning/RealTek/HN120/target/tmpfs/include  conftest.c >&5
configure:6579: $? = 0
configure:6582: msdk-linux-ar cru libconftest.a @conftest.lst >&5
configure:6585: $? = 0
configure:6590: msdk-linux-ar cru libconftest.a @conftest.lst >&5
msdk-linux-ar: conftest.o: No such file or directory
configure:6593: $? = 1
configure:6605: result: @
configure:6623: checking for mips-linux-strip
configure:6650: result: msdk-linux-strip
configure:6722: checking for mips-linux-ranlib
configure:6749: result: msdk-linux-ranlib
configure:6891: checking command to parse /data/xiaoning/RealTek/HN120/toolchain/msdk-4.4.7-mips-EL-3.10-u0.9.33-m32t-140827/bin/mips-linux-nm -B output from msdk-linux-gcc object
configure:7011: msdk-linux-gcc -c -DCONFIG_APP_RTK_ADAPTER -I/data/xiaoning/RealTek/HN120/target/tmpfs/include -DCONFIG_APP_RTK_ADAPTER -I/data/xiaoning/RealTek/HN120/target/tmpfs/include  conftest.c >&5
configure:7014: $? = 0
configure:7018: /data/xiaoning/RealTek/HN120/toolchain/msdk-4.4.7-mips-EL-3.10-u0.9.33-m32t-140827/bin/mips-linux-nm -B conftest.o \| sed -n -e 's/^.*[ ]\([ABCDGIRSTW][ABCDGIRSTW]*\)[ ][ ]*\([_A-Za-z][_A-Za-z0-9]*\)$/\1 \2 \2/p' | sed '/ __gnu_lto/d' \> conftest.nm
configure:7021: $? = 0
configure:7087: msdk-linux-gcc -o conftest -DCONFIG_APP_RTK_ADAPTER -I/data/xiaoning/RealTek/HN120/target/tmpfs/include -DCONFIG_APP_RTK_ADAPTER -I/data/xiaoning/RealTek/HN120/target/tmpfs/include   conftest.c conftstm.o >&5
configure:7090: $? = 0
configure:7128: result: ok
configure:7165: checking for sysroot
configure:7195: result: no
configure:7411: checking for mips-linux-mt
configure:7441: result: no
configure:7451: checking for mt
configure:7467: found /bin/mt
configure:7478: result: mt
configure:7490: WARNING: using cross tools not prefixed with host triplet
configure:7501: checking if mt is a manifest tool
configure:7507: mt '-?'
configure:7515: result: no
configure:8154: checking for dlfcn.h
configure:8154: msdk-linux-gcc -c -DCONFIG_APP_RTK_ADAPTER -I/data/xiaoning/RealTek/HN120/target/tmpfs/include -DCONFIG_APP_RTK_ADAPTER -I/data/xiaoning/RealTek/HN120/target/tmpfs/include  conftest.c >&5
configure:8154: $? = 0
configure:8154: result: yes
configure:8358: checking for objdir
configure:8373: result: .libs
configure:8644: checking if msdk-linux-gcc supports -fno-rtti -fno-exceptions
configure:8662: msdk-linux-gcc -c -DCONFIG_APP_RTK_ADAPTER -I/data/xiaoning/RealTek/HN120/target/tmpfs/include -DCONFIG_APP_RTK_ADAPTER -I/data/xiaoning/RealTek/HN120/target/tmpfs/include  -fno-rtti -fno-exceptions conftest.c >&5
cc1: warning: command line option "-fno-rtti" is valid for C++/ObjC++ but not for C
configure:8666: $? = 0
configure:8679: result: no
configure:9006: checking for msdk-linux-gcc option to produce PIC
configure:9013: result: -fPIC -DPIC
configure:9021: checking if msdk-linux-gcc PIC flag -fPIC -DPIC works
configure:9039: msdk-linux-gcc -c -DCONFIG_APP_RTK_ADAPTER -I/data/xiaoning/RealTek/HN120/target/tmpfs/include -DCONFIG_APP_RTK_ADAPTER -I/data/xiaoning/RealTek/HN120/target/tmpfs/include  -fPIC -DPIC -DPIC conftest.c >&5
configure:9043: $? = 0
configure:9056: result: yes
configure:9085: checking if msdk-linux-gcc static flag -static works
configure:9113: result: yes
configure:9128: checking if msdk-linux-gcc supports -c -o file.o
configure:9149: msdk-linux-gcc -c -DCONFIG_APP_RTK_ADAPTER -I/data/xiaoning/RealTek/HN120/target/tmpfs/include -DCONFIG_APP_RTK_ADAPTER -I/data/xiaoning/RealTek/HN120/target/tmpfs/include  -o out/conftest2.o conftest.c >&5
configure:9153: $? = 0
configure:9175: result: yes
configure:9183: checking if msdk-linux-gcc supports -c -o file.o
configure:9230: result: yes
configure:9263: checking whether the msdk-linux-gcc linker (msdk-linux-gcc) supports shared libraries
configure:10416: result: no
configure:10656: checking dynamic linker characteristics
configure:11167: msdk-linux-gcc -o conftest -DCONFIG_APP_RTK_ADAPTER -I/data/xiaoning/RealTek/HN120/target/tmpfs/include -DCONFIG_APP_RTK_ADAPTER -I/data/xiaoning/RealTek/HN120/target/tmpfs/include    conftest.c  >&5
configure:11167: $? = 0
configure:11393: result: GNU/Linux ld.so
configure:11500: checking how to hardcode library paths into programs
configure:11525: result: unsupported
configure:12065: checking whether stripping libraries is possible
configure:12070: result: yes
configure:12105: checking if libtool supports shared libraries
configure:12107: result: no
configure:12110: checking whether to build shared libraries
configure:12131: result: no
configure:12134: checking whether to build static libraries
configure:12138: result: yes
configure:12257: checking whether C compiler accepts -Wlogical-op
configure:12276: msdk-linux-gcc -c -DCONFIG_APP_RTK_ADAPTER -I/data/xiaoning/RealTek/HN120/target/tmpfs/include -DCONFIG_APP_RTK_ADAPTER -I/data/xiaoning/RealTek/HN120/target/tmpfs/include -Werror -Wlogical-op  conftest.c >&5
configure:12276: $? = 0
configure:12284: result: yes
configure:12292: checking whether C compiler accepts -fdiagnostics-color
configure:12311: msdk-linux-gcc -c -DCONFIG_APP_RTK_ADAPTER -I/data/xiaoning/RealTek/HN120/target/tmpfs/include -DCONFIG_APP_RTK_ADAPTER -I/data/xiaoning/RealTek/HN120/target/tmpfs/include -Werror -fdiagnostics-color  conftest.c >&5
cc1: error: unrecognized command line option "-fdiagnostics-color"
configure:12311: $? = 1
configure: failed program was:
| /* confdefs.h */
| #define PACKAGE_NAME "libcoap"
| #define PACKAGE_TARNAME "libcoap"
| #define PACKAGE_VERSION "4.1.2"
| #define PACKAGE_STRING "libcoap 4.1.2"
| #define PACKAGE_BUGREPORT "libcoap-developers@lists.sourceforge.net"
| #define PACKAGE_URL "https://libcoap.net/"
| #define STDC_HEADERS 1
| #define HAVE_SYS_TYPES_H 1
| #define HAVE_SYS_STAT_H 1
| #define HAVE_STDLIB_H 1
| #define HAVE_STRING_H 1
| #define HAVE_MEMORY_H 1
| #define HAVE_STRINGS_H 1
| #define HAVE_INTTYPES_H 1
| #define HAVE_STDINT_H 1
| #define HAVE_UNISTD_H 1
| #define HAVE_DLFCN_H 1
| #define LT_OBJDIR ".libs/"
| /* end confdefs.h.  */
| 
| int
| main ()
| {
| 
|   ;
|   return 0;
| }
configure:12319: result: no
configure:12327: checking whether C compiler accepts -Wunused-result
configure:12346: msdk-linux-gcc -c -DCONFIG_APP_RTK_ADAPTER -I/data/xiaoning/RealTek/HN120/target/tmpfs/include -DCONFIG_APP_RTK_ADAPTER -I/data/xiaoning/RealTek/HN120/target/tmpfs/include  -Wunused-result  conftest.c >&5
cc1: error: unrecognized command line option "-Wunused-result"
configure:12346: $? = 1
configure: failed program was:
| /* confdefs.h */
| #define PACKAGE_NAME "libcoap"
| #define PACKAGE_TARNAME "libcoap"
| #define PACKAGE_VERSION "4.1.2"
| #define PACKAGE_STRING "libcoap 4.1.2"
| #define PACKAGE_BUGREPORT "libcoap-developers@lists.sourceforge.net"
| #define PACKAGE_URL "https://libcoap.net/"
| #define STDC_HEADERS 1
| #define HAVE_SYS_TYPES_H 1
| #define HAVE_SYS_STAT_H 1
| #define HAVE_STDLIB_H 1
| #define HAVE_STRING_H 1
| #define HAVE_MEMORY_H 1
| #define HAVE_STRINGS_H 1
| #define HAVE_INTTYPES_H 1
| #define HAVE_STDINT_H 1
| #define HAVE_UNISTD_H 1
| #define HAVE_DLFCN_H 1
| #define LT_OBJDIR ".libs/"
| /* end confdefs.h.  */
| 
| int
| main ()
| {
| 
|   ;
|   return 0;
| }
configure:12354: result: no
configure:12366: checking whether the linker accepts -Wl,--version-script=./libcoap-1.map
configure:12385: msdk-linux-gcc -o conftest -DCONFIG_APP_RTK_ADAPTER -I/data/xiaoning/RealTek/HN120/target/tmpfs/include -DCONFIG_APP_RTK_ADAPTER -I/data/xiaoning/RealTek/HN120/target/tmpfs/include    -Wl,--version-script=./libcoap-1.map conftest.c  >&5
configure:12385: $? = 0
configure:12395: result: yes
configure:12422: checking for doxygen
configure:12440: found /usr/bin/doxygen
configure:12452: result: /usr/bin/doxygen
configure:12472: checking for compatible doxygen version (>= 1.7.0)
configure:12487: result: yes 1.7.6.1
configure:12502: checking for dot
configure:12535: result: no
configure:12541: WARNING: ==> dot not found - continuing without DOT support
configure:12543: WARNING: ==> The libcoap html documentation will be build without DOT graphics!
configure:12850: checking for ctags
configure:12868: found /usr/bin/ctags
configure:12881: result: /usr/bin/ctags
configure:12919: checking assert.h usability
configure:12919: msdk-linux-gcc -c -DCONFIG_APP_RTK_ADAPTER -I/data/xiaoning/RealTek/HN120/target/tmpfs/include -DCONFIG_APP_RTK_ADAPTER -I/data/xiaoning/RealTek/HN120/target/tmpfs/include  conftest.c >&5
configure:12919: $? = 0
configure:12919: result: yes
configure:12919: checking assert.h presence
configure:12919: msdk-linux-gcc -E  conftest.c
configure:12919: $? = 0
configure:12919: result: yes
configure:12919: checking for assert.h
configure:12919: result: yes
configure:12919: checking arpa/inet.h usability
configure:12919: msdk-linux-gcc -c -DCONFIG_APP_RTK_ADAPTER -I/data/xiaoning/RealTek/HN120/target/tmpfs/include -DCONFIG_APP_RTK_ADAPTER -I/data/xiaoning/RealTek/HN120/target/tmpfs/include  conftest.c >&5
configure:12919: $? = 0
configure:12919: result: yes
configure:12919: checking arpa/inet.h presence
configure:12919: msdk-linux-gcc -E  conftest.c
configure:12919: $? = 0
configure:12919: result: yes
configure:12919: checking for arpa/inet.h
configure:12919: result: yes
configure:12919: checking limits.h usability
configure:12919: msdk-linux-gcc -c -DCONFIG_APP_RTK_ADAPTER -I/data/xiaoning/RealTek/HN120/target/tmpfs/include -DCONFIG_APP_RTK_ADAPTER -I/data/xiaoning/RealTek/HN120/target/tmpfs/include  conftest.c >&5
configure:12919: $? = 0
configure:12919: result: yes
configure:12919: checking limits.h presence
configure:12919: msdk-linux-gcc -E  conftest.c
configure:12919: $? = 0
configure:12919: result: yes
configure:12919: checking for limits.h
configure:12919: result: yes
configure:12919: checking netdb.h usability
configure:12919: msdk-linux-gcc -c -DCONFIG_APP_RTK_ADAPTER -I/data/xiaoning/RealTek/HN120/target/tmpfs/include -DCONFIG_APP_RTK_ADAPTER -I/data/xiaoning/RealTek/HN120/target/tmpfs/include  conftest.c >&5
configure:12919: $? = 0
configure:12919: result: yes
configure:12919: checking netdb.h presence
configure:12919: msdk-linux-gcc -E  conftest.c
configure:12919: $? = 0
configure:12919: result: yes
configure:12919: checking for netdb.h
configure:12919: result: yes
configure:12919: checking netinet/in.h usability
configure:12919: msdk-linux-gcc -c -DCONFIG_APP_RTK_ADAPTER -I/data/xiaoning/RealTek/HN120/target/tmpfs/include -DCONFIG_APP_RTK_ADAPTER -I/data/xiaoning/RealTek/HN120/target/tmpfs/include  conftest.c >&5
configure:12919: $? = 0
configure:12919: result: yes
configure:12919: checking netinet/in.h presence
configure:12919: msdk-linux-gcc -E  conftest.c
configure:12919: $? = 0
configure:12919: result: yes
configure:12919: checking for netinet/in.h
configure:12919: result: yes
configure:12919: checking for stdlib.h
configure:12919: result: yes
configure:12919: checking for string.h
configure:12919: result: yes
configure:12919: checking for strings.h
configure:12919: result: yes
configure:12919: checking sys/socket.h usability
configure:12919: msdk-linux-gcc -c -DCONFIG_APP_RTK_ADAPTER -I/data/xiaoning/RealTek/HN120/target/tmpfs/include -DCONFIG_APP_RTK_ADAPTER -I/data/xiaoning/RealTek/HN120/target/tmpfs/include  conftest.c >&5
configure:12919: $? = 0
configure:12919: result: yes
configure:12919: checking sys/socket.h presence
configure:12919: msdk-linux-gcc -E  conftest.c
configure:12919: $? = 0
configure:12919: result: yes
configure:12919: checking for sys/socket.h
configure:12919: result: yes
configure:12919: checking sys/time.h usability
configure:12919: msdk-linux-gcc -c -DCONFIG_APP_RTK_ADAPTER -I/data/xiaoning/RealTek/HN120/target/tmpfs/include -DCONFIG_APP_RTK_ADAPTER -I/data/xiaoning/RealTek/HN120/target/tmpfs/include  conftest.c >&5
configure:12919: $? = 0
configure:12919: result: yes
configure:12919: checking sys/time.h presence
configure:12919: msdk-linux-gcc -E  conftest.c
configure:12919: $? = 0
configure:12919: result: yes
configure:12919: checking for sys/time.h
configure:12919: result: yes
configure:12919: checking time.h usability
configure:12919: msdk-linux-gcc -c -DCONFIG_APP_RTK_ADAPTER -I/data/xiaoning/RealTek/HN120/target/tmpfs/include -DCONFIG_APP_RTK_ADAPTER -I/data/xiaoning/RealTek/HN120/target/tmpfs/include  conftest.c >&5
configure:12919: $? = 0
configure:12919: result: yes
configure:12919: checking time.h presence
configure:12919: msdk-linux-gcc -E  conftest.c
configure:12919: $? = 0
configure:12919: result: yes
configure:12919: checking for time.h
configure:12919: result: yes
configure:12919: checking for unistd.h
configure:12919: result: yes
configure:12919: checking sys/unistd.h usability
configure:12919: msdk-linux-gcc -c -DCONFIG_APP_RTK_ADAPTER -I/data/xiaoning/RealTek/HN120/target/tmpfs/include -DCONFIG_APP_RTK_ADAPTER -I/data/xiaoning/RealTek/HN120/target/tmpfs/include  conftest.c >&5
configure:12919: $? = 0
configure:12919: result: yes
configure:12919: checking sys/unistd.h presence
configure:12919: msdk-linux-gcc -E  conftest.c
configure:12919: $? = 0
configure:12919: result: yes
configure:12919: checking for sys/unistd.h
configure:12919: result: yes
configure:12919: checking syslog.h usability
configure:12919: msdk-linux-gcc -c -DCONFIG_APP_RTK_ADAPTER -I/data/xiaoning/RealTek/HN120/target/tmpfs/include -DCONFIG_APP_RTK_ADAPTER -I/data/xiaoning/RealTek/HN120/target/tmpfs/include  conftest.c >&5
configure:12919: $? = 0
configure:12919: result: yes
configure:12919: checking syslog.h presence
configure:12919: msdk-linux-gcc -E  conftest.c
configure:12919: $? = 0
configure:12919: result: yes
configure:12919: checking for syslog.h
configure:12919: result: yes
configure:12931: checking for size_t
configure:12931: msdk-linux-gcc -c -DCONFIG_APP_RTK_ADAPTER -I/data/xiaoning/RealTek/HN120/target/tmpfs/include -DCONFIG_APP_RTK_ADAPTER -I/data/xiaoning/RealTek/HN120/target/tmpfs/include  conftest.c >&5
configure:12931: $? = 0
configure:12931: msdk-linux-gcc -c -DCONFIG_APP_RTK_ADAPTER -I/data/xiaoning/RealTek/HN120/target/tmpfs/include -DCONFIG_APP_RTK_ADAPTER -I/data/xiaoning/RealTek/HN120/target/tmpfs/include  conftest.c >&5
conftest.c: In function 'main':
conftest.c:71: error: expected expression before ')' token
configure:12931: $? = 1
configure: failed program was:
| /* confdefs.h */
| #define PACKAGE_NAME "libcoap"
| #define PACKAGE_TARNAME "libcoap"
| #define PACKAGE_VERSION "4.1.2"
| #define PACKAGE_STRING "libcoap 4.1.2"
| #define PACKAGE_BUGREPORT "libcoap-developers@lists.sourceforge.net"
| #define PACKAGE_URL "https://libcoap.net/"
| #define STDC_HEADERS 1
| #define HAVE_SYS_TYPES_H 1
| #define HAVE_SYS_STAT_H 1
| #define HAVE_STDLIB_H 1
| #define HAVE_STRING_H 1
| #define HAVE_MEMORY_H 1
| #define HAVE_STRINGS_H 1
| #define HAVE_INTTYPES_H 1
| #define HAVE_STDINT_H 1
| #define HAVE_UNISTD_H 1
| #define HAVE_DLFCN_H 1
| #define LT_OBJDIR ".libs/"
| #define HAVE_ASSERT_H 1
| #define HAVE_ARPA_INET_H 1
| #define HAVE_LIMITS_H 1
| #define HAVE_NETDB_H 1
| #define HAVE_NETINET_IN_H 1
| #define HAVE_STDLIB_H 1
| #define HAVE_STRING_H 1
| #define HAVE_STRINGS_H 1
| #define HAVE_SYS_SOCKET_H 1
| #define HAVE_SYS_TIME_H 1
| #define HAVE_TIME_H 1
| #define HAVE_UNISTD_H 1
| #define HAVE_SYS_UNISTD_H 1
| #define HAVE_SYSLOG_H 1
| /* end confdefs.h.  */
| #include <stdio.h>
| #ifdef HAVE_SYS_TYPES_H
| # include <sys/types.h>
| #endif
| #ifdef HAVE_SYS_STAT_H
| # include <sys/stat.h>
| #endif
| #ifdef STDC_HEADERS
| # include <stdlib.h>
| # include <stddef.h>
| #else
| # ifdef HAVE_STDLIB_H
| #  include <stdlib.h>
| # endif
| #endif
| #ifdef HAVE_STRING_H
| # if !defined STDC_HEADERS && defined HAVE_MEMORY_H
| #  include <memory.h>
| # endif
| # include <string.h>
| #endif
| #ifdef HAVE_STRINGS_H
| # include <strings.h>
| #endif
| #ifdef HAVE_INTTYPES_H
| # include <inttypes.h>
| #endif
| #ifdef HAVE_STDINT_H
| # include <stdint.h>
| #endif
| #ifdef HAVE_UNISTD_H
| # include <unistd.h>
| #endif
| int
| main ()
| {
| if (sizeof ((size_t)))
| 	    return 0;
|   ;
|   return 0;
| }
configure:12931: result: yes
configure:12942: checking for ssize_t
configure:12942: msdk-linux-gcc -c -DCONFIG_APP_RTK_ADAPTER -I/data/xiaoning/RealTek/HN120/target/tmpfs/include -DCONFIG_APP_RTK_ADAPTER -I/data/xiaoning/RealTek/HN120/target/tmpfs/include  conftest.c >&5
configure:12942: $? = 0
configure:12942: msdk-linux-gcc -c -DCONFIG_APP_RTK_ADAPTER -I/data/xiaoning/RealTek/HN120/target/tmpfs/include -DCONFIG_APP_RTK_ADAPTER -I/data/xiaoning/RealTek/HN120/target/tmpfs/include  conftest.c >&5
conftest.c: In function 'main':
conftest.c:71: error: expected expression before ')' token
configure:12942: $? = 1
configure: failed program was:
| /* confdefs.h */
| #define PACKAGE_NAME "libcoap"
| #define PACKAGE_TARNAME "libcoap"
| #define PACKAGE_VERSION "4.1.2"
| #define PACKAGE_STRING "libcoap 4.1.2"
| #define PACKAGE_BUGREPORT "libcoap-developers@lists.sourceforge.net"
| #define PACKAGE_URL "https://libcoap.net/"
| #define STDC_HEADERS 1
| #define HAVE_SYS_TYPES_H 1
| #define HAVE_SYS_STAT_H 1
| #define HAVE_STDLIB_H 1
| #define HAVE_STRING_H 1
| #define HAVE_MEMORY_H 1
| #define HAVE_STRINGS_H 1
| #define HAVE_INTTYPES_H 1
| #define HAVE_STDINT_H 1
| #define HAVE_UNISTD_H 1
| #define HAVE_DLFCN_H 1
| #define LT_OBJDIR ".libs/"
| #define HAVE_ASSERT_H 1
| #define HAVE_ARPA_INET_H 1
| #define HAVE_LIMITS_H 1
| #define HAVE_NETDB_H 1
| #define HAVE_NETINET_IN_H 1
| #define HAVE_STDLIB_H 1
| #define HAVE_STRING_H 1
| #define HAVE_STRINGS_H 1
| #define HAVE_SYS_SOCKET_H 1
| #define HAVE_SYS_TIME_H 1
| #define HAVE_TIME_H 1
| #define HAVE_UNISTD_H 1
| #define HAVE_SYS_UNISTD_H 1
| #define HAVE_SYSLOG_H 1
| /* end confdefs.h.  */
| #include <stdio.h>
| #ifdef HAVE_SYS_TYPES_H
| # include <sys/types.h>
| #endif
| #ifdef HAVE_SYS_STAT_H
| # include <sys/stat.h>
| #endif
| #ifdef STDC_HEADERS
| # include <stdlib.h>
| # include <stddef.h>
| #else
| # ifdef HAVE_STDLIB_H
| #  include <stdlib.h>
| # endif
| #endif
| #ifdef HAVE_STRING_H
| # if !defined STDC_HEADERS && defined HAVE_MEMORY_H
| #  include <memory.h>
| # endif
| # include <string.h>
| #endif
| #ifdef HAVE_STRINGS_H
| # include <strings.h>
| #endif
| #ifdef HAVE_INTTYPES_H
| # include <inttypes.h>
| #endif
| #ifdef HAVE_STDINT_H
| # include <stdint.h>
| #endif
| #ifdef HAVE_UNISTD_H
| # include <unistd.h>
| #endif
| int
| main ()
| {
| if (sizeof ((ssize_t)))
| 	    return 0;
|   ;
|   return 0;
| }
configure:12942: result: yes
configure:12959: checking for memset
configure:12959: msdk-linux-gcc -o conftest -DCONFIG_APP_RTK_ADAPTER -I/data/xiaoning/RealTek/HN120/target/tmpfs/include -DCONFIG_APP_RTK_ADAPTER -I/data/xiaoning/RealTek/HN120/target/tmpfs/include   conftest.c  >&5
conftest.c:58: warning: conflicting types for built-in function 'memset'
configure:12959: $? = 0
configure:12959: result: yes
configure:12959: checking for select
configure:12959: msdk-linux-gcc -o conftest -DCONFIG_APP_RTK_ADAPTER -I/data/xiaoning/RealTek/HN120/target/tmpfs/include -DCONFIG_APP_RTK_ADAPTER -I/data/xiaoning/RealTek/HN120/target/tmpfs/include   conftest.c  >&5
configure:12959: $? = 0
configure:12959: result: yes
configure:12959: checking for socket
configure:12959: msdk-linux-gcc -o conftest -DCONFIG_APP_RTK_ADAPTER -I/data/xiaoning/RealTek/HN120/target/tmpfs/include -DCONFIG_APP_RTK_ADAPTER -I/data/xiaoning/RealTek/HN120/target/tmpfs/include   conftest.c  >&5
configure:12959: $? = 0
configure:12959: result: yes
configure:12959: checking for strcasecmp
configure:12959: msdk-linux-gcc -o conftest -DCONFIG_APP_RTK_ADAPTER -I/data/xiaoning/RealTek/HN120/target/tmpfs/include -DCONFIG_APP_RTK_ADAPTER -I/data/xiaoning/RealTek/HN120/target/tmpfs/include   conftest.c  >&5
conftest.c:61: warning: conflicting types for built-in function 'strcasecmp'
configure:12959: $? = 0
configure:12959: result: yes
configure:12959: checking for strrchr
configure:12959: msdk-linux-gcc -o conftest -DCONFIG_APP_RTK_ADAPTER -I/data/xiaoning/RealTek/HN120/target/tmpfs/include -DCONFIG_APP_RTK_ADAPTER -I/data/xiaoning/RealTek/HN120/target/tmpfs/include   conftest.c  >&5
conftest.c:62: warning: conflicting types for built-in function 'strrchr'
configure:12959: $? = 0
configure:12959: result: yes
configure:12959: checking for getaddrinfo
configure:12959: msdk-linux-gcc -o conftest -DCONFIG_APP_RTK_ADAPTER -I/data/xiaoning/RealTek/HN120/target/tmpfs/include -DCONFIG_APP_RTK_ADAPTER -I/data/xiaoning/RealTek/HN120/target/tmpfs/include   conftest.c  >&5
configure:12959: $? = 0
configure:12959: result: yes
configure:12959: checking for strnlen
configure:12959: msdk-linux-gcc -o conftest -DCONFIG_APP_RTK_ADAPTER -I/data/xiaoning/RealTek/HN120/target/tmpfs/include -DCONFIG_APP_RTK_ADAPTER -I/data/xiaoning/RealTek/HN120/target/tmpfs/include   conftest.c  >&5
configure:12959: $? = 0
configure:12959: result: yes
configure:12959: checking for malloc
configure:12959: msdk-linux-gcc -o conftest -DCONFIG_APP_RTK_ADAPTER -I/data/xiaoning/RealTek/HN120/target/tmpfs/include -DCONFIG_APP_RTK_ADAPTER -I/data/xiaoning/RealTek/HN120/target/tmpfs/include   conftest.c  >&5
conftest.c:65: warning: conflicting types for built-in function 'malloc'
configure:12959: $? = 0
configure:12959: result: yes
configure:12970: checking for library containing socket
configure:13001: msdk-linux-gcc -o conftest -DCONFIG_APP_RTK_ADAPTER -I/data/xiaoning/RealTek/HN120/target/tmpfs/include -DCONFIG_APP_RTK_ADAPTER -I/data/xiaoning/RealTek/HN120/target/tmpfs/include   conftest.c  >&5
configure:13001: $? = 0
configure:13018: result: none required
configure:13026: checking for library containing inet_ntop
configure:13057: msdk-linux-gcc -o conftest -DCONFIG_APP_RTK_ADAPTER -I/data/xiaoning/RealTek/HN120/target/tmpfs/include -DCONFIG_APP_RTK_ADAPTER -I/data/xiaoning/RealTek/HN120/target/tmpfs/include   conftest.c  >&5
configure:13057: $? = 0
configure:13074: result: none required
configure:13084: checking for library containing clock_gettime
configure:13115: msdk-linux-gcc -o conftest -DCONFIG_APP_RTK_ADAPTER -I/data/xiaoning/RealTek/HN120/target/tmpfs/include -DCONFIG_APP_RTK_ADAPTER -I/data/xiaoning/RealTek/HN120/target/tmpfs/include   conftest.c  >&5
configure:13115: $? = 0
configure:13132: result: none required
configure:13141: checking operating system
configure:13149: result: Linux
configure:13325: checking that generated files are newer than configure
configure:13331: result: done
configure:13371: creating ./config.status

## ---------------------- ##
## Running config.status. ##
## ---------------------- ##

This file was extended by libcoap config.status 4.1.2, which was
generated by GNU Autoconf 2.68.  Invocation command line was

  CONFIG_FILES    = 
  CONFIG_HEADERS  = 
  CONFIG_LINKS    = 
  CONFIG_COMMANDS = 
  $ ./config.status 

on ubuntu

config.status:1147: creating doc/Doxyfile
config.status:1147: creating Makefile
config.status:1147: creating doc/Makefile
config.status:1147: creating examples/Makefile
config.status:1147: creating examples/coap-client.txt
config.status:1147: creating examples/coap-server.txt
config.status:1147: creating examples/coap-rd.txt
config.status:1147: creating include/coap/coap.h
config.status:1147: creating tests/Makefile
config.status:1147: creating libcoap-1.pc
config.status:1147: creating coap_config.h
config.status:1328: coap_config.h is unchanged
config.status:1376: executing depfiles commands
config.status:1376: executing libtool commands
configure:15623: result:
libcoap configuration summary:
      libcoap package version : "4.1.2"
      libcoap library version : "0.0.0"
      libcoap API version     : "1"
      host system             : "mips-unknown-linux-gnu"
configure:15631: result:       build documentation     : "yes"
configure:15633: result:           --> Doxygen around  : "yes" (/usr/bin/doxygen 1.7.6.1)
configure:15636: result:              -->  dot around  : "no" (DOT not found!)
configure:15652: result:       build unit test binary  : "no"
configure:15666: result:       build examples          : "no"

## ---------------- ##
## Cache variables. ##
## ---------------- ##

ac_cv_build=x86_64-unknown-linux-uclibc
ac_cv_c_bigendian=no
ac_cv_c_compiler_gnu=yes
ac_cv_env_A2X_set=
ac_cv_env_A2X_value=
ac_cv_env_CC_set=set
ac_cv_env_CC_value=msdk-linux-gcc
ac_cv_env_CFLAGS_set=set
ac_cv_env_CFLAGS_value='-DCONFIG_APP_RTK_ADAPTER -I/data/xiaoning/RealTek/HN120/target/tmpfs/include -DCONFIG_APP_RTK_ADAPTER -I/data/xiaoning/RealTek/HN120/target/tmpfs/include'
ac_cv_env_CPPFLAGS_set=
ac_cv_env_CPPFLAGS_value=
ac_cv_env_CPP_set=
ac_cv_env_CPP_value=
ac_cv_env_CTAGS_PROG_set=
ac_cv_env_CTAGS_PROG_value=
ac_cv_env_CUNIT_CFLAGS_set=
ac_cv_env_CUNIT_CFLAGS_value=
ac_cv_env_CUNIT_LIBS_set=
ac_cv_env_CUNIT_LIBS_value=
ac_cv_env_LDFLAGS_set=
ac_cv_env_LDFLAGS_value=
ac_cv_env_LIBS_set=
ac_cv_env_LIBS_value=
ac_cv_env_PKG_CONFIG_set=
ac_cv_env_PKG_CONFIG_value=
ac_cv_env_build_alias_set=
ac_cv_env_build_alias_value=
ac_cv_env_host_alias_set=set
ac_cv_env_host_alias_value=mips-linux
ac_cv_env_target_alias_set=
ac_cv_env_target_alias_value=
ac_cv_func_getaddrinfo=yes
ac_cv_func_malloc=yes
ac_cv_func_memset=yes
ac_cv_func_select=yes
ac_cv_func_socket=yes
ac_cv_func_strcasecmp=yes
ac_cv_func_strnlen=yes
ac_cv_func_strrchr=yes
ac_cv_header_arpa_inet_h=yes
ac_cv_header_assert_h=yes
ac_cv_header_dlfcn_h=yes
ac_cv_header_inttypes_h=yes
ac_cv_header_limits_h=yes
ac_cv_header_memory_h=yes
ac_cv_header_netdb_h=yes
ac_cv_header_netinet_in_h=yes
ac_cv_header_stdc=yes
ac_cv_header_stdint_h=yes
ac_cv_header_stdlib_h=yes
ac_cv_header_string_h=yes
ac_cv_header_strings_h=yes
ac_cv_header_sys_socket_h=yes
ac_cv_header_sys_stat_h=yes
ac_cv_header_sys_time_h=yes
ac_cv_header_sys_types_h=yes
ac_cv_header_sys_unistd_h=yes
ac_cv_header_syslog_h=yes
ac_cv_header_time_h=yes
ac_cv_header_unistd_h=yes
ac_cv_host=mips-unknown-linux-gnu
ac_cv_objext=o
ac_cv_path_CTAGS_PROG=/usr/bin/ctags
ac_cv_path_DOXYGEN=/usr/bin/doxygen
ac_cv_path_EGREP='/bin/grep -E'
ac_cv_path_FGREP='/bin/grep -F'
ac_cv_path_GREP=/bin/grep
ac_cv_path_SED=/bin/sed
ac_cv_path_ac_pt_PKG_CONFIG=/usr/local/bin/pkg-config
ac_cv_path_install='/usr/bin/install -c'
ac_cv_path_mkdir=/bin/mkdir
ac_cv_prog_AR=msdk-linux-ar
ac_cv_prog_AWK=gawk
ac_cv_prog_CC=msdk-linux-gcc
ac_cv_prog_CPP='msdk-linux-gcc -E'
ac_cv_prog_OBJDUMP=mips-linux-objdump
ac_cv_prog_RANLIB=msdk-linux-ranlib
ac_cv_prog_STRIP=msdk-linux-strip
ac_cv_prog_ac_ct_MANIFEST_TOOL=mt
ac_cv_prog_cc_c89=
ac_cv_prog_cc_g=yes
ac_cv_prog_cc_msdk_linux_gcc_c_o=yes
ac_cv_prog_make_make_set=yes
ac_cv_search_clock_gettime='none required'
ac_cv_search_inet_ntop='none required'
ac_cv_search_socket='none required'
ac_cv_type_size_t=yes
ac_cv_type_ssize_t=yes
am_cv_CC_dependencies_compiler_type=gcc3
am_cv_ar_interface=ar
am_cv_make_support_nested_variables=yes
ax_cv_check_cflags__Werror__Wlogical_op=yes
ax_cv_check_cflags__Werror__fdiagnostics_color=no
ax_cv_check_cflags___Wunused_result=no
ax_cv_check_ldflags___Wl___version_script___libcoap_1_map=yes
lt_cv_ar_at_file=@
lt_cv_deplibs_check_method=pass_all
lt_cv_file_magic_cmd='$MAGIC_CMD'
lt_cv_file_magic_test_file=
lt_cv_ld_reload_flag=-r
lt_cv_nm_interface='BSD nm'
lt_cv_objdir=.libs
lt_cv_path_LD=msdk-linux-gcc
lt_cv_path_NM='/data/xiaoning/RealTek/HN120/toolchain/msdk-4.4.7-mips-EL-3.10-u0.9.33-m32t-140827/bin/mips-linux-nm -B'
lt_cv_path_mainfest_tool=no
lt_cv_prog_compiler_c_o=yes
lt_cv_prog_compiler_pic='-fPIC -DPIC'
lt_cv_prog_compiler_pic_works=yes
lt_cv_prog_compiler_rtti_exceptions=no
lt_cv_prog_compiler_static_works=yes
lt_cv_prog_gnu_ld=no
lt_cv_sharedlib_from_linklib_cmd='printf %s\n'
lt_cv_shlibpath_overrides_runpath=no
lt_cv_sys_global_symbol_pipe='sed -n -e '\''s/^.*[	 ]\([ABCDGIRSTW][ABCDGIRSTW]*\)[	 ][	 ]*\([_A-Za-z][_A-Za-z0-9]*\)$/\1 \2 \2/p'\'' | sed '\''/ __gnu_lto/d'\'''
lt_cv_sys_global_symbol_to_c_name_address='sed -n -e '\''s/^: \([^ ]*\)[ ]*$/  {\"\1\", (void *) 0},/p'\'' -e '\''s/^[ABCDGIRSTW]* \([^ ]*\) \([^ ]*\)$/  {"\2", (void *) \&\2},/p'\'''
lt_cv_sys_global_symbol_to_c_name_address_lib_prefix='sed -n -e '\''s/^: \([^ ]*\)[ ]*$/  {\"\1\", (void *) 0},/p'\'' -e '\''s/^[ABCDGIRSTW]* \([^ ]*\) \(lib[^ ]*\)$/  {"\2", (void *) \&\2},/p'\'' -e '\''s/^[ABCDGIRSTW]* \([^ ]*\) \([^ ]*\)$/  {"lib\2", (void *) \&\2},/p'\'''
lt_cv_sys_global_symbol_to_cdecl='sed -n -e '\''s/^T .* \(.*\)$/extern int \1();/p'\'' -e '\''s/^[ABCDGIRSTW]* .* \(.*\)$/extern char \1;/p'\'''
lt_cv_sys_max_cmd_len=3458764513820540925
lt_cv_to_host_file_cmd=func_convert_file_noop
lt_cv_to_tool_file_cmd=func_convert_file_noop

## ----------------- ##
## Output variables. ##
## ----------------- ##

A2X=''
ACLOCAL='${SHELL} /data/xiaoning/RealTek/HN120/users/libcoap-master/missing aclocal-1.13'
AMDEPBACKSLASH='\'
AMDEP_FALSE='#'
AMDEP_TRUE=''
AMTAR='$${TAR-tar}'
AM_BACKSLASH='\'
AM_DEFAULT_V='$(AM_DEFAULT_VERBOSITY)'
AM_DEFAULT_VERBOSITY='1'
AM_V='$(V)'
AR='msdk-linux-ar'
AUTOCONF='${SHELL} /data/xiaoning/RealTek/HN120/users/libcoap-master/missing autoconf'
AUTOHEADER='${SHELL} /data/xiaoning/RealTek/HN120/users/libcoap-master/missing autoheader'
AUTOMAKE='${SHELL} /data/xiaoning/RealTek/HN120/users/libcoap-master/missing automake-1.13'
AWK='gawk'
BUILD_DOCUMENTATION_FALSE='#'
BUILD_DOCUMENTATION_TRUE=''
BUILD_EXAMPLES_FALSE=''
BUILD_EXAMPLES_TRUE='#'
CC='msdk-linux-gcc'
CCDEPMODE='depmode=gcc3'
CFLAGS='-DCONFIG_APP_RTK_ADAPTER -I/data/xiaoning/RealTek/HN120/target/tmpfs/include -DCONFIG_APP_RTK_ADAPTER -I/data/xiaoning/RealTek/HN120/target/tmpfs/include -D_GNU_SOURCE -DWITH_POSIX'
CPP='msdk-linux-gcc -E'
CPPFLAGS=''
CTAGS_PROG='/usr/bin/ctags'
CUNIT_CFLAGS=''
CUNIT_LIBS=''
CYGPATH_W='echo'
DEFS='-DHAVE_CONFIG_H'
DEPDIR='.deps'
DLLTOOL='false'
DOC_DIR='doc'
DOT=''
DOXYGEN='/usr/bin/doxygen'
DSYMUTIL=''
DUMPBIN=''
ECHO_C=''
ECHO_N='-n'
ECHO_T=''
EGREP='/bin/grep -E'
EXEEXT=''
FGREP='/bin/grep -F'
GREP='/bin/grep'
HAVE_CUNIT_FALSE=''
HAVE_CUNIT_TRUE='#'
HAVE_DOT='NO'
HAVE_DOXYGEN_FALSE='#'
HAVE_DOXYGEN_TRUE=''
INSTALL_DATA='${INSTALL} -m 644'
INSTALL_PROGRAM='${INSTALL}'
INSTALL_SCRIPT='${INSTALL}'
INSTALL_STRIP_PROGRAM='$(install_sh) -c -s'
LD='msdk-linux-gcc'
LDFLAGS=''
LIBCOAP_API_VERSION='1'
LIBCOAP_SO_VERSION='0.0.0'
LIBOBJS=''
LIBS=''
LIBTOOL='$(SHELL) $(top_builddir)/libtool'
LIPO=''
LN_S='ln -s'
LTLIBOBJS=''
LT_LIBCOAP_AGE='0'
LT_LIBCOAP_CURRENT='0'
LT_LIBCOAP_REVISION='0'
MAKEINFO='${SHELL} /data/xiaoning/RealTek/HN120/users/libcoap-master/missing makeinfo'
MANIFEST_TOOL=':'
MKDIR_P='/bin/mkdir -p'
NM='/data/xiaoning/RealTek/HN120/toolchain/msdk-4.4.7-mips-EL-3.10-u0.9.33-m32t-140827/bin/mips-linux-nm -B'
NMEDIT=''
OBJDUMP='mips-linux-objdump'
OBJEXT='o'
OTOOL64=''
OTOOL=''
PACKAGE='libcoap'
PACKAGE_BUGREPORT='libcoap-developers@lists.sourceforge.net'
PACKAGE_NAME='libcoap'
PACKAGE_STRING='libcoap 4.1.2'
PACKAGE_TARNAME='libcoap'
PACKAGE_URL='https://libcoap.net/'
PACKAGE_VERSION='4.1.2'
PATH_SEPARATOR=':'
PKG_CONFIG='/usr/local/bin/pkg-config'
PREDEFINED_CFLAGS='_GNU_SOURCE WITH_POSIX'
RANLIB='msdk-linux-ranlib'
SED='/bin/sed'
SET_MAKE=''
SHELL='/bin/sh'
STRIP='msdk-linux-strip'
USE_CALL_GRAPH='NO'
VERSION='4.1.2'
WARNING_CFLAGS='-pedantic -Wall -Wextra -Wformat-security -Winline -Wmissing-declarations -Wmissing-prototypes -Wnested-externs -Wpointer-arith -Wshadow -Wstrict-prototypes -Wswitch-default -Wswitch-enum -Wunused  -Wlogical-op'
ac_ct_AR=''
ac_ct_CC=''
ac_ct_DUMPBIN=''
am__EXEEXT_FALSE=''
am__EXEEXT_TRUE='#'
am__fastdepCC_FALSE='#'
am__fastdepCC_TRUE=''
am__include='include'
am__isrc=''
am__leading_dot='.'
am__nodep='_no'
am__quote=''
am__tar='$${TAR-tar} chof - "$$tardir"'
am__untar='$${TAR-tar} xf -'
bindir='${exec_prefix}/bin'
build='x86_64-unknown-linux-uclibc'
build_alias=''
build_cpu='x86_64'
build_os='linux-uclibc'
build_vendor='unknown'
datadir='${datarootdir}'
datarootdir='${prefix}/share'
docdir='${datarootdir}/doc/${PACKAGE_TARNAME}'
dvidir='${docdir}'
exec_prefix='${prefix}'
host='mips-unknown-linux-gnu'
host_alias='mips-linux'
host_cpu='mips'
host_os='linux-gnu'
host_vendor='unknown'
htmldir='${docdir}'
includedir='${prefix}/include'
infodir='${datarootdir}/info'
install_sh='${SHELL} /data/xiaoning/RealTek/HN120/users/libcoap-master/install-sh'
libcoap_SYMBOLS='-Wl,--version-script=$(srcdir)/libcoap-$(LIBCOAP_API_VERSION).map'
libdir='${exec_prefix}/lib'
libexecdir='${exec_prefix}/libexec'
localedir='${datarootdir}/locale'
localstatedir='${prefix}/var'
mandir='${datarootdir}/man'
mkdir_p='$(MKDIR_P)'
oldincludedir='/usr/include'
pdfdir='${docdir}'
prefix='/usr/local'
program_transform_name='s,x,x,'
psdir='${docdir}'
sbindir='${exec_prefix}/sbin'
sharedstatedir='${prefix}/com'
sysconfdir='${prefix}/etc'
target_alias=''

## ----------- ##
## confdefs.h. ##
## ----------- ##

/* confdefs.h */
#define PACKAGE_NAME "libcoap"
#define PACKAGE_TARNAME "libcoap"
#define PACKAGE_VERSION "4.1.2"
#define PACKAGE_STRING "libcoap 4.1.2"
#define PACKAGE_BUGREPORT "libcoap-developers@lists.sourceforge.net"
#define PACKAGE_URL "https://libcoap.net/"
#define STDC_HEADERS 1
#define HAVE_SYS_TYPES_H 1
#define HAVE_SYS_STAT_H 1
#define HAVE_STDLIB_H 1
#define HAVE_STRING_H 1
#define HAVE_MEMORY_H 1
#define HAVE_STRINGS_H 1
#define HAVE_INTTYPES_H 1
#define HAVE_STDINT_H 1
#define HAVE_UNISTD_H 1
#define HAVE_DLFCN_H 1
#define LT_OBJDIR ".libs/"
#define HAVE_ASSERT_H 1
#define HAVE_ARPA_INET_H 1
#define HAVE_LIMITS_H 1
#define HAVE_NETDB_H 1
#define HAVE_NETINET_IN_H 1
#define HAVE_STDLIB_H 1
#define HAVE_STRING_H 1
#define HAVE_STRINGS_H 1
#define HAVE_SYS_SOCKET_H 1
#define HAVE_SYS_TIME_H 1
#define HAVE_TIME_H 1
#define HAVE_UNISTD_H 1
#define HAVE_SYS_UNISTD_H 1
#define HAVE_SYSLOG_H 1
#define HAVE_MEMSET 1
#define HAVE_SELECT 1
#define HAVE_SOCKET 1
#define HAVE_STRCASECMP 1
#define HAVE_STRRCHR 1
#define HAVE_GETADDRINFO 1
#define HAVE_STRNLEN 1
#define HAVE_MALLOC 1

configure: exit 0
